<?xml version="1.0" encoding="UTF-8"?>
<!-- Generated by org.testng.reporters.JUnitReportReporter -->
<testsuite skipped="0" hostname="LAPTOP-I3V0BKGE" name="tests.DeleteUser" tests="1" failures="0" timestamp="15 Nov 2019 09:35:08 GMT" time="2.173" errors="0">
  <testcase name="deleteUser" time="2.173" classname="tests.DeleteUser"/>
</testsuite> <!-- tests.DeleteUser -->
