<?xml version="1.0" encoding="UTF-8"?>
<!-- Generated by org.testng.reporters.JUnitReportReporter -->
<testsuite skipped="0" hostname="LAPTOP-I3V0BKGE" name="sample.SampleProgram" tests="1" failures="0" timestamp="12 Nov 2019 04:56:52 GMT" time="0.013" errors="0">
  <testcase name="sampleMethod" time="0.013" classname="sample.SampleProgram"/>
</testsuite> <!-- sample.SampleProgram -->
