<?xml version="1.0" encoding="UTF-8"?>
<!-- Generated by org.testng.reporters.JUnitReportReporter -->
<testsuite skipped="0" hostname="LAPTOP-I3V0BKGE" name="tests.GetSingleUser" tests="1" failures="0" timestamp="12 Nov 2019 04:56:52 GMT" time="4.487" errors="0">
  <testcase name="getSingleUser" time="4.487" classname="tests.GetSingleUser"/>
</testsuite> <!-- tests.GetSingleUser -->
