<?xml version="1.0" encoding="UTF-8"?>
<!-- Generated by org.testng.reporters.JUnitReportReporter -->
<testsuite skipped="0" hostname="LAPTOP-I3V0BKGE" name="tests.GetRequestWithQueryParameters" tests="1" failures="0" timestamp="15 Nov 2019 09:40:00 GMT" time="2.130" errors="0">
  <testcase name="filterUser" time="2.130" classname="tests.GetRequestWithQueryParameters"/>
</testsuite> <!-- tests.GetRequestWithQueryParameters -->
